\BOOKMARK [1][-]{section.1}{Introduction}{}% 1
\BOOKMARK [2][-]{subsection.1.1}{Business processes}{section.1}% 2
\BOOKMARK [3][-]{subsubsection.1.1.1}{CRM - Showroom visit}{subsection.1.1}% 3
\BOOKMARK [3][-]{subsubsection.1.1.2}{Production}{subsection.1.1}% 4
\BOOKMARK [1][-]{section.2}{Conceptual Design}{}% 5
\BOOKMARK [2][-]{subsection.2.1}{Showroom visit}{section.2}% 6
\BOOKMARK [2][-]{subsection.2.2}{Production}{section.2}% 7
\BOOKMARK [1][-]{section.3}{Logical Design}{}% 8
\BOOKMARK [2][-]{subsection.3.1}{Star schemas}{section.3}% 9
\BOOKMARK [2][-]{subsection.3.2}{Two business questions}{section.3}% 10
\BOOKMARK [3][-]{subsubsection.3.2.1}{Fact: Showroom visit}{subsection.3.2}% 11
\BOOKMARK [3][-]{subsubsection.3.2.2}{Fact: Production}{subsection.3.2}% 12
\BOOKMARK [1][-]{section.4}{Implementation}{}% 13
\BOOKMARK [2][-]{subsection.4.1}{ROLLUP}{section.4}% 14
\BOOKMARK [3][-]{subsubsection.4.1.1}{SQL query using ROLLUP for business process 1 \(showroom visit\)}{subsection.4.1}% 15
\BOOKMARK [3][-]{subsubsection.4.1.2}{SQL query with ROLLUP for business process 2 \(production\)}{subsection.4.1}% 16
\BOOKMARK [2][-]{subsection.4.2}{CUBE}{section.4}% 17
\BOOKMARK [3][-]{subsubsection.4.2.1}{SQL query using CUBE for business process 1 \(showroom visit\)}{subsection.4.2}% 18
\BOOKMARK [3][-]{subsubsection.4.2.2}{SQL query using CUBE for business process 2 \(production\)}{subsection.4.2}% 19
\BOOKMARK [2][-]{subsection.4.3}{GROUPING SETS}{section.4}% 20
\BOOKMARK [3][-]{subsubsection.4.3.1}{SQL query using GROUPING SETS for business process 1 \(showroom visit\)}{subsection.4.3}% 21
\BOOKMARK [3][-]{subsubsection.4.3.2}{SQL query using GROUPING SETS for business process 2 \(production\)}{subsection.4.3}% 22
\BOOKMARK [1][-]{section.5}{Querying}{}% 23
\BOOKMARK [2][-]{subsection.5.1}{NTILE}{section.5}% 24
\BOOKMARK [3][-]{subsubsection.5.1.1}{SQL query using NTILE for business process 1 \(showroom visit\)}{subsection.5.1}% 25
\BOOKMARK [3][-]{subsubsection.5.1.2}{SQL query using NTILE for business process 2 \(production\)}{subsection.5.1}% 26
\BOOKMARK [2][-]{subsection.5.2}{RANK}{section.5}% 27
\BOOKMARK [3][-]{subsubsection.5.2.1}{SQL query using RANK for business process 1 \(showroom visit\)}{subsection.5.2}% 28
\BOOKMARK [3][-]{subsubsection.5.2.2}{SQL query using RANK for business process 2 \(production\)}{subsection.5.2}% 29
\BOOKMARK [2][-]{subsection.5.3}{??????}{section.5}% 30
\BOOKMARK [3][-]{subsubsection.5.3.1}{SQL query ??????}{subsection.5.3}% 31
\BOOKMARK [3][-]{subsubsection.5.3.2}{SQL query ??????}{subsection.5.3}% 32
\BOOKMARK [2][-]{subsection.5.4}{??????}{section.5}% 33
\BOOKMARK [3][-]{subsubsection.5.4.1}{SQL query ??????}{subsection.5.4}% 34
\BOOKMARK [1][-]{section.6}{Data Analysis Tool}{}% 35
